# JRE version: OpenJDK Runtime Environment (21.0.8) (build 21.0.8+-14196175-b1038.72)
# Java VM: OpenJDK 64-Bit Server VM (21.0.8+-14196175-b1038.72, mixed mode, tiered, compressed oops, compressed class ptrs, g1 gc, windows-amd64)
GC Precious Log:
 CardTable entry size: 512
 Card Set container configuration: InlinePtr #cards 5 size 8 Array Of Cards #cards 12 size 40 Howl #buckets 4 coarsen threshold 1843 Howl Bitmap #cards 512 size 80 coarsen threshold 460 Card regions per heap region 1 cards per card region 2048
 CPUs: 8 total, 8 available
 Memory: 8070M
 Large Page Support: Disabled
 NUMA Support: Disabled
 Compressed Oops: Enabled (32-bit)
 Heap Region Size: 1M
 Heap Min Capacity: 8M
 Heap Initial Capacity: 128M
 Heap Max Capacity: 2G
 Pre-touch: Disabled
 Parallel Workers: 8
 Concurrent Workers: 2
 Concurrent Refinement Workers: 8
 Periodic GC: Disabled
Heap:
 garbage-first heap   total 68608K, used 33789K [0x0000000080000000, 0x0000000100000000)
  region size 1024K, 2 young (2048K), 2 survivors (2048K)
 Metaspace       used 45031K, committed 45952K, reserved 1114112K
  class space    used 6167K, committed 6592K, reserved 1048576K
GC Heap History (19 events):
Event: 1.165 GC heap before
{Heap before GC invocations=0 (full 0):
 garbage-first heap   total 131072K, used 22528K [0x0000000080000000, 0x0000000100000000)
  region size 1024K, 23 young (23552K), 0 survivors (0K)
 Metaspace       used 8094K, committed 8256K, reserved 1114112K
  class space    used 746K, committed 832K, reserved 1048576K
}
Event: 1.170 GC heap after
{Heap after GC invocations=1 (full 0):
 garbage-first heap   total 131072K, used 2218K [0x0000000080000000, 0x0000000100000000)
  region size 1024K, 3 young (3072K), 3 survivors (3072K)
 Metaspace       used 8094K, committed 8256K, reserved 1114112K
  class space    used 746K, committed 832K, reserved 1048576K
}
Event: 2.302 GC heap before
{Heap before GC invocations=1 (full 0):
 garbage-first heap   total 131072K, used 40106K [0x0000000080000000, 0x0000000100000000)
  region size 1024K, 38 young (38912K), 3 survivors (3072K)
 Metaspace       used 12332K, committed 12544K, reserved 1114112K
  class space    used 1348K, committed 1472K, reserved 1048576K
}
Event: 2.315 GC heap after
{Heap after GC invocations=2 (full 0):
 garbage-first heap   total 131072K, used 10594K [0x0000000080000000, 0x0000000100000000)
  region size 1024K, 5 young (5120K), 5 survivors (5120K)
 Metaspace       used 12332K, committed 12544K, reserved 1114112K
  class space    used 1348K, committed 1472K, reserved 1048576K
}
Event: 3.466 GC heap before
{Heap before GC invocations=2 (full 0):
 garbage-first heap   total 131072K, used 60770K [0x0000000080000000, 0x0000000100000000)
  region size 1024K, 52 young (53248K), 5 survivors (5120K)
 Metaspace       used 14392K, committed 14656K, reserved 1114112K
  class space    used 1641K, committed 1728K, reserved 1048576K
}
Event: 3.494 GC heap after
{Heap after GC invocations=3 (full 0):
 garbage-first heap   total 131072K, used 17814K [0x0000000080000000, 0x0000000100000000)
  region size 1024K, 6 young (6144K), 6 survivors (6144K)
 Metaspace       used 14392K, committed 14656K, reserved 1114112K
  class space    used 1641K, committed 1728K, reserved 1048576K
}
Event: 4.954 GC heap before
{Heap before GC invocations=3 (full 0):
 garbage-first heap   total 131072K, used 41366K [0x0000000080000000, 0x0000000100000000)
  region size 1024K, 30 young (30720K), 6 survivors (6144K)
 Metaspace       used 21248K, committed 21504K, reserved 1114112K
  class space    used 2553K, committed 2688K, reserved 1048576K
}
Event: 4.965 GC heap after
{Heap after GC invocations=4 (full 0):
 garbage-first heap   total 131072K, used 20133K [0x0000000080000000, 0x0000000100000000)
  region size 1024K, 3 young (3072K), 3 survivors (3072K)
 Metaspace       used 21248K, committed 21504K, reserved 1114112K
  class space    used 2553K, committed 2688K, reserved 1048576K
}
Event: 6.490 GC heap before
{Heap before GC invocations=5 (full 0):
 garbage-first heap   total 68608K, used 58021K [0x0000000080000000, 0x0000000100000000)
  region size 1024K, 40 young (40960K), 3 survivors (3072K)
 Metaspace       used 27834K, committed 28352K, reserved 1114112K
  class space    used 3595K, committed 3840K, reserved 1048576K
}
Event: 6.498 GC heap after
{Heap after GC invocations=6 (full 0):
 garbage-first heap   total 68608K, used 21994K [0x0000000080000000, 0x0000000100000000)
  region size 1024K, 5 young (5120K), 5 survivors (5120K)
 Metaspace       used 27834K, committed 28352K, reserved 1114112K
  class space    used 3595K, committed 3840K, reserved 1048576K
}
Event: 8.139 GC heap before
{Heap before GC invocations=6 (full 0):
 garbage-first heap   total 68608K, used 54762K [0x0000000080000000, 0x0000000100000000)
  region size 1024K, 37 young (37888K), 5 survivors (5120K)
 Metaspace       used 32088K, committed 32704K, reserved 1114112K
  class space    used 4358K, committed 4672K, reserved 1048576K
}
Event: 8.148 GC heap after
{Heap after GC invocations=7 (full 0):
 garbage-first heap   total 68608K, used 24098K [0x0000000080000000, 0x0000000100000000)
  region size 1024K, 5 young (5120K), 5 survivors (5120K)
 Metaspace       used 32088K, committed 32704K, reserved 1114112K
  class space    used 4358K, committed 4672K, reserved 1048576K
}
Event: 8.896 GC heap before
{Heap before GC invocations=7 (full 0):
 garbage-first heap   total 68608K, used 46626K [0x0000000080000000, 0x0000000100000000)
  region size 1024K, 28 young (28672K), 5 survivors (5120K)
 Metaspace       used 35405K, committed 36160K, reserved 1114112K
  class space    used 4903K, committed 5248K, reserved 1048576K
}
Event: 8.902 GC heap after
{Heap after GC invocations=8 (full 0):
 garbage-first heap   total 68608K, used 25559K [0x0000000080000000, 0x0000000100000000)
  region size 1024K, 4 young (4096K), 4 survivors (4096K)
 Metaspace       used 35405K, committed 36160K, reserved 1114112K
  class space    used 4903K, committed 5248K, reserved 1048576K
}
Event: 9.965 GC heap before
{Heap before GC invocations=9 (full 0):
 garbage-first heap   total 68608K, used 56279K [0x0000000080000000, 0x0000000100000000)
  region size 1024K, 35 young (35840K), 4 survivors (4096K)
 Metaspace       used 42252K, committed 43072K, reserved 1114112K
  class space    used 5825K, committed 6208K, reserved 1048576K
}
Event: 9.974 GC heap after
{Heap after GC invocations=10 (full 0):
 garbage-first heap   total 68608K, used 29176K [0x0000000080000000, 0x0000000100000000)
  region size 1024K, 5 young (5120K), 5 survivors (5120K)
 Metaspace       used 42252K, committed 43072K, reserved 1114112K
  class space    used 5825K, committed 6208K, reserved 1048576K
}
Event: 10.627 GC heap before
{Heap before GC invocations=10 (full 0):
 garbage-first heap   total 68608K, used 57848K [0x0000000080000000, 0x0000000100000000)
  region size 1024K, 34 young (34816K), 5 survivors (5120K)
 Metaspace       used 44049K, committed 44928K, reserved 1114112K
  class space    used 6012K, committed 6400K, reserved 1048576K
}
Event: 10.635 GC heap after
{Heap after GC invocations=11 (full 0):
 garbage-first heap   total 68608K, used 31154K [0x0000000080000000, 0x0000000100000000)
  region size 1024K, 3 young (3072K), 3 survivors (3072K)
 Metaspace       used 44049K, committed 44928K, reserved 1114112K
  class space    used 6012K, committed 6400K, reserved 1048576K
}
Event: 10.905 GC heap before
{Heap before GC invocations=11 (full 0):
 garbage-first heap   total 68608K, used 42418K [0x0000000080000000, 0x0000000100000000)
  region size 1024K, 13 young (13312K), 3 survivors (3072K)
 Metaspace       used 45031K, committed 45952K, reserved 1114112K
  class space    used 6167K, committed 6592K, reserved 1048576K
}

